<?xml version="1.0" encoding="UTF-8"?>
<!-- Generated by org.testng.reporters.JUnitXMLReporter -->
<testsuite hostname="bogon" name="Default test" tests="1" failures="0" timestamp="12 Jul 2018 07:34:11 GMT" time="0.02" errors="0">
  <testcase name="@BeforeSuite setUp" time="0.0" classname="com.evergrande.TestCases.WeChatLogin">
    <failure type="org.testng.TestNGException" message="
Parameter &amp;apos;udid&amp;apos; is required by @Configuration on method setUp but has not been marked @Optional or defined
in /private/var/folders/0_/hdc77fx551jd4820rl1g8rn80000gp/T/testng-eclipse-2014296838/testng-customsuite.xml">
      <![CDATA[org.testng.TestNGException: 
Parameter 'udid' is required by @Configuration on method setUp but has not been marked @Optional or defined
in /private/var/folders/0_/hdc77fx551jd4820rl1g8rn80000gp/T/testng-eclipse-2014296838/testng-customsuite.xml
	at org.testng.internal.Parameters.createParameters(Parameters.java:155)
	at org.testng.internal.Parameters.createParameters(Parameters.java:358)
	at org.testng.internal.Parameters.createConfigurationParameters(Parameters.java:86)
	at org.testng.internal.Invoker.invokeConfigurations(Invoker.java:199)
	at org.testng.internal.Invoker.invokeConfigurations(Invoker.java:138)
	at org.testng.SuiteRunner.privateRun(SuiteRunner.java:291)
	at org.testng.SuiteRunner.run(SuiteRunner.java:254)
	at org.testng.SuiteRunnerWorker.runSuite(SuiteRunnerWorker.java:52)
	at org.testng.SuiteRunnerWorker.run(SuiteRunnerWorker.java:86)
	at org.testng.TestNG.runSuitesSequentially(TestNG.java:1224)
	at org.testng.TestNG.runSuitesLocally(TestNG.java:1149)
	at org.testng.TestNG.run(TestNG.java:1057)
	at org.testng.remote.AbstractRemoteTestNG.run(AbstractRemoteTestNG.java:132)
	at org.testng.remote.RemoteTestNG.initAndRun(RemoteTestNG.java:230)
	at org.testng.remote.RemoteTestNG.main(RemoteTestNG.java:76)
]]>
    </failure>
  </testcase> <!-- @BeforeSuite setUp -->
  <testcase name="@BeforeTest stup" time="0.0" classname="com.evergrande.TestCases.WeChatLogin">
    <skipped/>
  </testcase> <!-- @BeforeTest stup -->
  <testcase name="allTest" time="0.006" classname="com.evergrande.TestCases.WeChatLogin">
    <skipped/>
  </testcase> <!-- allTest -->
</testsuite> <!-- Default test -->
