<?xml version="1.0" encoding="UTF-8"?>
<testsuite name="注册登录"
           tests="4"
           failures="2"
           errors="0"
           skipped="2"
           time="0.001">
  <properties />
            <testcase name="setUp" time="0.000" classname="com.evergrande.TestCases.WeChatLogin">
                <failure type="org.openqa.selenium.WebDriverException"
                  message="An unknown server-side error occurred while processing the command. Original error: Error occured while starting App. Original error: Could not get focusPackageAndActivity. Original error: No device connected, cannot run adb shell command &apos;dumpsys window windows&apos; (WARNING: The server did not provide any stacktrace information)
Command duration or timeout: 20.36 seconds
Build info: version: &apos;3.5.3&apos;, revision: &apos;a88d25fe6b&apos;, time: &apos;2017-08-29T12:42:44.417Z&apos;
System info: host: &apos;bogon&apos;, ip: &apos;fe80:0:0:0:1883:18ed:b50b:6b40%en0&apos;, os.name: &apos;Mac OS X&apos;, os.arch: &apos;x86_64&apos;, os.version: &apos;10.12.6&apos;, java.version: &apos;1.8.0_51&apos;
Driver info: driver.version: AndroidDriver"
              >
<![CDATA[org.openqa.selenium.WebDriverException: An unknown server-side error occurred while processing the command. Original error: Error occured while starting App. Original error: Could not get focusPackageAndActivity. Original error: No device connected, cannot run adb shell command 'dumpsys window windows' (WARNING: The server did not provide any stacktrace information)
Command duration or timeout: 20.36 seconds
Build info: version: '3.5.3', revision: 'a88d25fe6b', time: '2017-08-29T12:42:44.417Z'
System info: host: 'bogon', ip: 'fe80:0:0:0:1883:18ed:b50b:6b40%en0', os.name: 'Mac OS X', os.arch: 'x86_64', os.version: '10.12.6', java.version: '1.8.0_51'
Driver info: driver.version: AndroidDriver
  sun.reflect.NativeConstructorAccessorImpl.newInstance0(Native Method)
  sun.reflect.NativeConstructorAccessorImpl.newInstance(NativeConstructorAccessorImpl.java:62)
  sun.reflect.DelegatingConstructorAccessorImpl.newInstance(DelegatingConstructorAccessorImpl.java:45)
  java.lang.reflect.Constructor.newInstance(Constructor.java:422)
  org.openqa.selenium.remote.ErrorHandler.createThrowable(ErrorHandler.java:215)
  org.openqa.selenium.remote.ErrorHandler.throwIfResponseFailed(ErrorHandler.java:167)
  org.openqa.selenium.remote.JsonWireProtocolResponse.lambda$new$0(JsonWireProtocolResponse.java:53)
  org.openqa.selenium.remote.JsonWireProtocolResponse$$Lambda$85/1205483858.apply(Unknown Source)
  org.openqa.selenium.remote.JsonWireProtocolResponse.lambda$getResponseFunction$2(JsonWireProtocolResponse.java:91)
  org.openqa.selenium.remote.JsonWireProtocolResponse$$Lambda$87/1189651769.apply(Unknown Source)
  org.openqa.selenium.remote.ProtocolHandshake.lambda$createSession$24(ProtocolHandshake.java:359)
  org.openqa.selenium.remote.ProtocolHandshake$$Lambda$94/1338958728.apply(Unknown Source)
  java.util.stream.ReferencePipeline$3$1.accept(ReferencePipeline.java:193)
  java.util.Spliterators$ArraySpliterator.tryAdvance(Spliterators.java:958)
  java.util.stream.ReferencePipeline.forEachWithCancel(ReferencePipeline.java:126)
  java.util.stream.AbstractPipeline.copyIntoWithCancel(AbstractPipeline.java:529)
  java.util.stream.AbstractPipeline.copyInto(AbstractPipeline.java:516)
  java.util.stream.AbstractPipeline.wrapAndCopyInto(AbstractPipeline.java:502)
  java.util.stream.FindOps$FindOp.evaluateSequential(FindOps.java:152)
  java.util.stream.AbstractPipeline.evaluate(AbstractPipeline.java:234)
  java.util.stream.ReferencePipeline.findFirst(ReferencePipeline.java:464)
  org.openqa.selenium.remote.ProtocolHandshake.createSession(ProtocolHandshake.java:362)
  org.openqa.selenium.remote.ProtocolHandshake.createSession(ProtocolHandshake.java:136)
  org.openqa.selenium.remote.HttpCommandExecutor.execute(HttpCommandExecutor.java:142)
  io.appium.java_client.remote.AppiumCommandExecutor.execute(AppiumCommandExecutor.java:89)
  org.openqa.selenium.remote.RemoteWebDriver.execute(RemoteWebDriver.java:646)
  io.appium.java_client.DefaultGenericMobileDriver.execute(DefaultGenericMobileDriver.java:42)
  io.appium.java_client.AppiumDriver.execute(AppiumDriver.java:1)
  io.appium.java_client.android.AndroidDriver.execute(AndroidDriver.java:1)
  org.openqa.selenium.remote.RemoteWebDriver.startSession(RemoteWebDriver.java:255)
  org.openqa.selenium.remote.RemoteWebDriver.startSession(RemoteWebDriver.java:237)
  org.openqa.selenium.remote.RemoteWebDriver.<init>(RemoteWebDriver.java:138)
  io.appium.java_client.DefaultGenericMobileDriver.<init>(DefaultGenericMobileDriver.java:38)
  io.appium.java_client.AppiumDriver.<init>(AppiumDriver.java:87)
  io.appium.java_client.AppiumDriver.<init>(AppiumDriver.java:111)
  io.appium.java_client.android.AndroidDriver.<init>(AndroidDriver.java:72)
  com.evergrande.config.CommonAppiumTest.setUp(CommonAppiumTest.java:102)
  sun.reflect.NativeMethodAccessorImpl.invoke0(Native Method)
  sun.reflect.NativeMethodAccessorImpl.invoke(NativeMethodAccessorImpl.java:62)
  sun.reflect.DelegatingMethodAccessorImpl.invoke(DelegatingMethodAccessorImpl.java:43)
  java.lang.reflect.Method.invoke(Method.java:497)
  org.testng.internal.MethodInvocationHelper.invokeMethod(MethodInvocationHelper.java:84)
  org.testng.internal.Invoker.invokeConfigurationMethod(Invoker.java:564)
  org.testng.internal.Invoker.invokeConfigurations(Invoker.java:213)
  org.testng.internal.Invoker.invokeConfigurations(Invoker.java:138)
  org.testng.SuiteRunner.privateRun(SuiteRunner.java:291)
  org.testng.SuiteRunner.run(SuiteRunner.java:254)
  org.testng.SuiteRunnerWorker.runSuite(SuiteRunnerWorker.java:52)
  org.testng.SuiteRunnerWorker.run(SuiteRunnerWorker.java:86)
  org.testng.TestNG.runSuitesSequentially(TestNG.java:1224)
  org.testng.TestNG.runSuitesLocally(TestNG.java:1149)
  org.testng.TestNG.run(TestNG.java:1057)
  org.testng.remote.AbstractRemoteTestNG.run(AbstractRemoteTestNG.java:132)
  org.testng.remote.RemoteTestNG.initAndRun(RemoteTestNG.java:230)
  org.testng.remote.RemoteTestNG.main(RemoteTestNG.java:76)
]]>
      </failure>

          </testcase>
            <testcase name="tearDown" time="0.000" classname="com.evergrande.TestCases.WeChatLogin">
                <failure type="java.lang.NullPointerException"
                  message="(null)"
              >
<![CDATA[java.lang.NullPointerException
  com.evergrande.config.CommonAppiumTest.tearDown(CommonAppiumTest.java:263)
  sun.reflect.NativeMethodAccessorImpl.invoke0(Native Method)
  sun.reflect.NativeMethodAccessorImpl.invoke(NativeMethodAccessorImpl.java:62)
  sun.reflect.DelegatingMethodAccessorImpl.invoke(DelegatingMethodAccessorImpl.java:43)
  java.lang.reflect.Method.invoke(Method.java:497)
  org.testng.internal.MethodInvocationHelper.invokeMethod(MethodInvocationHelper.java:84)
  org.testng.internal.Invoker.invokeConfigurationMethod(Invoker.java:564)
  org.testng.internal.Invoker.invokeConfigurations(Invoker.java:213)
  org.testng.internal.Invoker.invokeConfigurations(Invoker.java:138)
  org.testng.SuiteRunner.privateRun(SuiteRunner.java:322)
  org.testng.SuiteRunner.run(SuiteRunner.java:254)
  org.testng.SuiteRunnerWorker.runSuite(SuiteRunnerWorker.java:52)
  org.testng.SuiteRunnerWorker.run(SuiteRunnerWorker.java:86)
  org.testng.TestNG.runSuitesSequentially(TestNG.java:1224)
  org.testng.TestNG.runSuitesLocally(TestNG.java:1149)
  org.testng.TestNG.run(TestNG.java:1057)
  org.testng.remote.AbstractRemoteTestNG.run(AbstractRemoteTestNG.java:132)
  org.testng.remote.RemoteTestNG.initAndRun(RemoteTestNG.java:230)
  org.testng.remote.RemoteTestNG.main(RemoteTestNG.java:76)
]]>
      </failure>

          </testcase>
  
            <testcase name="stup" time="0.0" classname="com.evergrande.TestCases.WeChatLogin">
          <skipped />
    </testcase>
            <testcase name="case1" time="0.0" classname="com.evergrande.TestCases.WeChatLogin">
          <skipped />
    </testcase>
  
  
</testsuite>
